# JRE version: Java(TM) SE Runtime Environment (8.0_144-b01) (build 1.8.0_144-b01)
# Java VM: Java HotSpot(TM) 64-Bit Server VM (25.144-b01 mixed mode windows-amd64 compressed oops)
Heap:
 PSYoungGen      total 268288K, used 225777K [0x00000000e0000000, 0x00000000f5000000, 0x0000000100000000)
  eden space 216576K, 88% used [0x00000000e0000000,0x00000000ebb077f0,0x00000000ed380000)
  from space 51712K, 66% used [0x00000000ed380000,0x00000000ef4f4de0,0x00000000f0600000)
  to   space 53760K, 0% used [0x00000000f1b80000,0x00000000f1b80000,0x00000000f5000000)
 ParOldGen       total 126976K, used 57694K [0x00000000a0000000, 0x00000000a7c00000, 0x00000000e0000000)
  object space 126976K, 45% used [0x00000000a0000000,0x00000000a3857998,0x00000000a7c00000)
 Metaspace       used 90907K, capacity 96016K, committed 96280K, reserved 1132544K
  class space    used 11919K, capacity 13024K, committed 13104K, reserved 1048576K
GC Heap History (10 events):
Event: 276.949 GC heap before
{Heap before GC invocations=18 (full 3):
 PSYoungGen      total 189952K, used 189929K [0x00000000e0000000, 0x00000000ee280000, 0x0000000100000000)
  eden space 164352K, 100% used [0x00000000e0000000,0x00000000ea080000,0x00000000ea080000)
  from space 25600K, 99% used [0x00000000ebf00000,0x00000000ed7fa538,0x00000000ed800000)
  to   space 31232K, 0% used [0x00000000ea080000,0x00000000ea080000,0x00000000ebf00000)
 ParOldGen       total 126976K, used 38242K [0x00000000a0000000, 0x00000000a7c00000, 0x00000000e0000000)
  object space 126976K, 30% used [0x00000000a0000000,0x00000000a25589b8,0x00000000a7c00000)
 Metaspace       used 82959K, capacity 86204K, committed 86424K, reserved 1124352K
  class space    used 11110K, capacity 11869K, committed 11952K, reserved 1048576K
Event: 277.009 GC heap after
Heap after GC invocations=18 (full 3):
 PSYoungGen      total 195584K, used 31204K [0x00000000e0000000, 0x00000000f1680000, 0x0000000100000000)
  eden space 164352K, 0% used [0x00000000e0000000,0x00000000e0000000,0x00000000ea080000)
  from space 31232K, 99% used [0x00000000ea080000,0x00000000ebef9060,0x00000000ebf00000)
  to   space 40448K, 0% used [0x00000000eef00000,0x00000000eef00000,0x00000000f1680000)
 ParOldGen       total 126976K, used 50254K [0x00000000a0000000, 0x00000000a7c00000, 0x00000000e0000000)
  object space 126976K, 39% used [0x00000000a0000000,0x00000000a3113830,0x00000000a7c00000)
 Metaspace       used 82959K, capacity 86204K, committed 86424K, reserved 1124352K
  class space    used 11110K, capacity 11869K, committed 11952K, reserved 1048576K
}
Event: 331.544 GC heap before
{Heap before GC invocations=19 (full 3):
 PSYoungGen      total 195584K, used 195556K [0x00000000e0000000, 0x00000000f1680000, 0x0000000100000000)
  eden space 164352K, 100% used [0x00000000e0000000,0x00000000ea080000,0x00000000ea080000)
  from space 31232K, 99% used [0x00000000ea080000,0x00000000ebef9060,0x00000000ebf00000)
  to   space 40448K, 0% used [0x00000000eef00000,0x00000000eef00000,0x00000000f1680000)
 ParOldGen       total 126976K, used 50254K [0x00000000a0000000, 0x00000000a7c00000, 0x00000000e0000000)
  object space 126976K, 39% used [0x00000000a0000000,0x00000000a3113830,0x00000000a7c00000)
 Metaspace       used 87846K, capacity 91590K, committed 91672K, reserved 1128448K
  class space    used 11682K, capacity 12538K, committed 12592K, reserved 1048576K
Event: 331.602 GC heap after
Heap after GC invocations=19 (full 3):
 PSYoungGen      total 237568K, used 40447K [0x00000000e0000000, 0x00000000f1f80000, 0x0000000100000000)
  eden space 197120K, 0% used [0x00000000e0000000,0x00000000e0000000,0x00000000ec080000)
  from space 40448K, 99% used [0x00000000eef00000,0x00000000f167feb0,0x00000000f1680000)
  to   space 47616K, 0% used [0x00000000ec080000,0x00000000ec080000,0x00000000eef00000)
 ParOldGen       total 126976K, used 51532K [0x00000000a0000000, 0x00000000a7c00000, 0x00000000e0000000)
  object space 126976K, 40% used [0x00000000a0000000,0x00000000a32532a0,0x00000000a7c00000)
 Metaspace       used 87846K, capacity 91590K, committed 91672K, reserved 1128448K
  class space    used 11682K, capacity 12538K, committed 12592K, reserved 1048576K
}
Event: 436.353 GC heap before
{Heap before GC invocations=20 (full 3):
 PSYoungGen      total 237568K, used 237567K [0x00000000e0000000, 0x00000000f1f80000, 0x0000000100000000)
  eden space 197120K, 100% used [0x00000000e0000000,0x00000000ec080000,0x00000000ec080000)
  from space 40448K, 99% used [0x00000000eef00000,0x00000000f167feb0,0x00000000f1680000)
  to   space 47616K, 0% used [0x00000000ec080000,0x00000000ec080000,0x00000000eef00000)
 ParOldGen       total 126976K, used 51532K [0x00000000a0000000, 0x00000000a7c00000, 0x00000000e0000000)
  object space 126976K, 40% used [0x00000000a0000000,0x00000000a32532a0,0x00000000a7c00000)
 Metaspace       used 89313K, capacity 93664K, committed 93720K, reserved 1130496K
  class space    used 11799K, capacity 12804K, committed 12848K, reserved 1048576K
Event: 436.422 GC heap after
Heap after GC invocations=20 (full 3):
 PSYoungGen      total 244736K, used 33337K [0x00000000e0000000, 0x00000000f3980000, 0x0000000100000000)
  eden space 197120K, 0% used [0x00000000e0000000,0x00000000e0000000,0x00000000ec080000)
  from space 47616K, 70% used [0x00000000ec080000,0x00000000ee10e7f0,0x00000000eef00000)
  to   space 50176K, 0% used [0x00000000f0880000,0x00000000f0880000,0x00000000f3980000)
 ParOldGen       total 126976K, used 57678K [0x00000000a0000000, 0x00000000a7c00000, 0x00000000e0000000)
  object space 126976K, 45% used [0x00000000a0000000,0x00000000a3853998,0x00000000a7c00000)
 Metaspace       used 89313K, capacity 93664K, committed 93720K, reserved 1130496K
  class space    used 11799K, capacity 12804K, committed 12848K, reserved 1048576K
}
Event: 541.275 GC heap before
{Heap before GC invocations=21 (full 3):
 PSYoungGen      total 244736K, used 230457K [0x00000000e0000000, 0x00000000f3980000, 0x0000000100000000)
  eden space 197120K, 100% used [0x00000000e0000000,0x00000000ec080000,0x00000000ec080000)
  from space 47616K, 70% used [0x00000000ec080000,0x00000000ee10e7f0,0x00000000eef00000)
  to   space 50176K, 0% used [0x00000000f0880000,0x00000000f0880000,0x00000000f3980000)
 ParOldGen       total 126976K, used 57678K [0x00000000a0000000, 0x00000000a7c00000, 0x00000000e0000000)
  object space 126976K, 45% used [0x00000000a0000000,0x00000000a3853998,0x00000000a7c00000)
 Metaspace       used 89964K, capacity 94616K, committed 94872K, reserved 1130496K
  class space    used 11848K, capacity 12906K, committed 12976K, reserved 1048576K
Event: 541.315 GC heap after
Heap after GC invocations=21 (full 3):
 PSYoungGen      total 265728K, used 33151K [0x00000000e0000000, 0x00000000f3880000, 0x0000000100000000)
  eden space 216576K, 0% used [0x00000000e0000000,0x00000000e0000000,0x00000000ed380000)
  from space 49152K, 67% used [0x00000000f0880000,0x00000000f28dfdb0,0x00000000f3880000)
  to   space 51712K, 0% used [0x00000000ed380000,0x00000000ed380000,0x00000000f0600000)
 ParOldGen       total 126976K, used 57686K [0x00000000a0000000, 0x00000000a7c00000, 0x00000000e0000000)
  object space 126976K, 45% used [0x00000000a0000000,0x00000000a3855998,0x00000000a7c00000)
 Metaspace       used 89964K, capacity 94616K, committed 94872K, reserved 1130496K
  class space    used 11848K, capacity 12906K, committed 12976K, reserved 1048576K
}
Event: 572.128 GC heap before
{Heap before GC invocations=22 (full 3):
 PSYoungGen      total 265728K, used 249727K [0x00000000e0000000, 0x00000000f3880000, 0x0000000100000000)
  eden space 216576K, 100% used [0x00000000e0000000,0x00000000ed380000,0x00000000ed380000)
  from space 49152K, 67% used [0x00000000f0880000,0x00000000f28dfdb0,0x00000000f3880000)
  to   space 51712K, 0% used [0x00000000ed380000,0x00000000ed380000,0x00000000f0600000)
 ParOldGen       total 126976K, used 57686K [0x00000000a0000000, 0x00000000a7c00000, 0x00000000e0000000)
  object space 126976K, 45% used [0x00000000a0000000,0x00000000a3855998,0x00000000a7c00000)
 Metaspace       used 90618K, capacity 95664K, committed 95768K, reserved 1132544K
  class space    used 11910K, capacity 13008K, committed 13104K, reserved 1048576K
Event: 572.200 GC heap after
Heap after GC invocations=22 (full 3):
 PSYoungGen      total 268288K, used 34259K [0x00000000e0000000, 0x00000000f5000000, 0x0000000100000000)
  eden space 216576K, 0% used [0x00000000e0000000,0x00000000e0000000,0x00000000ed380000)
  from space 51712K, 66% used [0x00000000ed380000,0x00000000ef4f4de0,0x00000000f0600000)
  to   space 53760K, 0% used [0x00000000f1b80000,0x00000000f1b80000,0x00000000f5000000)
 ParOldGen       total 126976K, used 57694K [0x00000000a0000000, 0x00000000a7c00000, 0x00000000e0000000)
  object space 126976K, 45% used [0x00000000a0000000,0x00000000a3857998,0x00000000a7c00000)
 Metaspace       used 90618K, capacity 95664K, committed 95768K, reserved 1132544K
  class space    used 11910K, capacity 13008K, committed 13104K, reserved 1048576K
}

